Using pre-set license
Built from '2020.3/staging' branch; Version is '2020.3.21f1 (a38c86f6690f) revision 10718342'; Using compiler version '192528614'; Build Type 'Release'
OS: 'Windows 10 Home; OS build 19043.1288; Version 2009; 64bit' Language: 'en' Physical Memory: 8065 MB
BatchMode: 1, IsHumanControllingUs: 0, StartBugReporterOnCrash: 0, Is64bit: 1, IsPro: 0

COMMAND LINE ARGUMENTS:
D:\Otros\Unity\2020.3.21f Editor\Editor\Unity.exe
-adb2
-batchMode
-noUpm
-name
AssetImportWorker0
-projectPath
D:/Otros/Unity/Unity Projects/Semana i/GameJam/BridgeTech
-logFile
Logs/AssetImportWorker0.log
-srvPort
50639
Successfully changed project path to: D:/Otros/Unity/Unity Projects/Semana i/GameJam/BridgeTech
D:/Otros/Unity/Unity Projects/Semana i/GameJam/BridgeTech
Using Asset Import Pipeline V2.
Refreshing native plugins compatible for Editor in 9.04 ms, found 0 plugins.
Preloading 0 native plugins for Editor in 0.00 ms.
Initialize engine version: 2020.3.21f1 (a38c86f6690f)
[Subsystems] Discovering subsystems at path D:/Otros/Unity/2020.3.21f Editor/Editor/Data/Resources/UnitySubsystems
[Subsystems] Discovering subsystems at path D:/Otros/Unity/Unity Projects/Semana i/GameJam/BridgeTech/Assets
GfxDevice: creating device client; threaded=0
Direct3D:
    Version:  Direct3D 11.0 [level 11.1]
    Renderer: Intel(R) UHD Graphics 620 (ID=0x5917)
    Vendor:   
    VRAM:     4032 MB
    Driver:   25.20.100.6446
Initialize mono
Mono path[0] = 'D:/Otros/Unity/2020.3.21f Editor/Editor/Data/Managed'
Mono path[1] = 'D:/Otros/Unity/2020.3.21f Editor/Editor/Data/MonoBleedingEdge/lib/mono/unityjit'
Mono config path = 'D:/Otros/Unity/2020.3.21f Editor/Editor/Data/MonoBleedingEdge/etc'
Using monoOptions --debugger-agent=transport=dt_socket,embedding=1,server=y,suspend=n,address=127.0.0.1:56348
Begin MonoManager ReloadAssembly
Registering precompiled unity dll's ...
Register platform support module: D:/Otros/Unity/2020.3.21f Editor/Editor/Data/PlaybackEngines/WebGLSupport/UnityEditor.WebGL.Extensions.dll
Register platform support module: D:/Otros/Unity/2020.3.21f Editor/Editor/Data/PlaybackEngines/WindowsStandaloneSupport/UnityEditor.WindowsStandalone.Extensions.dll
Registered in 0.006858 seconds.
Native extension for WindowsStandalone target not found
Native extension for WebGL target not found
Refreshing native plugins compatible for Editor in 5.82 ms, found 0 plugins.
Preloading 0 native plugins for Editor in 0.00 ms.
Mono: successfully reloaded assembly
- Completed reload, in  4.289 seconds
Domain Reload Profiling:
	ReloadAssembly (4289ms)
		BeginReloadAssembly (115ms)
			ExecutionOrderSort (0ms)
			DisableScriptedObjects (0ms)
			BackupInstance (0ms)
			ReleaseScriptingObjects (0ms)
			CreateAndSetChildDomain (1ms)
		EndReloadAssembly (749ms)
			LoadAssemblies (115ms)
			RebuildTransferFunctionScriptingTraits (0ms)
			SetupTypeCache (258ms)
			ReleaseScriptCaches (0ms)
			RebuildScriptCaches (71ms)
			SetupLoadedEditorAssemblies (213ms)
				LogAssemblyErrors (0ms)
				InitializePlatformSupportModulesInManaged (8ms)
				SetLoadedEditorAssemblies (0ms)
				RefreshPlugins (6ms)
				BeforeProcessingInitializeOnLoad (20ms)
				ProcessInitializeOnLoadAttributes (133ms)
				ProcessInitializeOnLoadMethodAttributes (45ms)
				AfterProcessingInitializeOnLoad (0ms)
				EditorAssembliesLoaded (0ms)
			ExecutionOrderSort2 (0ms)
			AwakeInstancesAfterBackupRestoration (0ms)
Platform modules already initialized, skipping
Registering precompiled user dll's ...
Registered in 0.017192 seconds.
Begin MonoManager ReloadAssembly
Native extension for WindowsStandalone target not found
Native extension for WebGL target not found
Refreshing native plugins compatible for Editor in 0.12 ms, found 0 plugins.
Preloading 0 native plugins for Editor in 0.00 ms.
Mono: successfully reloaded assembly
- Completed reload, in  1.408 seconds
Domain Reload Profiling:
	ReloadAssembly (1409ms)
		BeginReloadAssembly (275ms)
			ExecutionOrderSort (0ms)
			DisableScriptedObjects (14ms)
			BackupInstance (0ms)
			ReleaseScriptingObjects (0ms)
			CreateAndSetChildDomain (39ms)
		EndReloadAssembly (1033ms)
			LoadAssemblies (148ms)
			RebuildTransferFunctionScriptingTraits (0ms)
			SetupTypeCache (353ms)
			ReleaseScriptCaches (0ms)
			RebuildScriptCaches (54ms)
			SetupLoadedEditorAssemblies (339ms)
				LogAssemblyErrors (0ms)
				InitializePlatformSupportModulesInManaged (9ms)
				SetLoadedEditorAssemblies (1ms)
				RefreshPlugins (0ms)
				BeforeProcessingInitializeOnLoad (97ms)
				ProcessInitializeOnLoadAttributes (202ms)
				ProcessInitializeOnLoadMethodAttributes (23ms)
				AfterProcessingInitializeOnLoad (6ms)
				EditorAssembliesLoaded (1ms)
			ExecutionOrderSort2 (0ms)
			AwakeInstancesAfterBackupRestoration (19ms)
Platform modules already initialized, skipping
========================================================================
Worker process is ready to serve import requests
Launched and connected shader compiler UnityShaderCompiler.exe after 0.25 seconds
Refreshing native plugins compatible for Editor in 0.24 ms, found 0 plugins.
Preloading 0 native plugins for Editor in 0.00 ms.
Unloading 179 Unused Serialized files (Serialized files now loaded: 0)
System memory in use before: 31.2 MB.
System memory in use after: 31.2 MB.

Unloading 10 unused Assets to reduce memory usage. Loaded Objects now: 616.
Total: 4.184500 ms (FindLiveObjects: 0.072700 ms CreateObjectMapping: 0.011900 ms MarkObjects: 3.973300 ms  DeleteObjects: 0.124700 ms)

AssetImportParameters requested are different than current active one (requested -> active):
  custom:framework-win-MediaFoundation: 216162199b28c13a410421893ffa2e32 -> 
  custom:video-decoder-ogg-theora: a1e56fd34408186e4bbccfd4996cb3dc -> 
  custom:container-muxer-webm: aa71ff27fc2769a1b78a27578f13a17b -> 
  custom:container-demuxer-webm: 4f35f7cbe854078d1ac9338744f61a02 -> 
  custom:container-demuxer-ogg: 62fdf1f143b41e24485cea50d1cbac27 -> 
  custom:video-encoder-webm-vp8: eb34c28f22e8b96e1ab97ce403110664 -> 
  custom:video-decoder-webm-vp8: 9c59270c3fd7afecdb556c50c9e8de78 -> 
  custom:audio-decoder-ogg-vorbis: bf7c407c2cedff20999df2af8eb42d56 -> 
  custom:audio-encoder-webm-vorbis: bf7c407c2cedff20999df2af8eb42d56 -> 
========================================================================
Received Import Request.
  path: Assets/MainMixer.mixer
  artifactKey: Guid(d9be9a044c06f46b1a17ad2259048530) Importer(815301076,1909f56bfc062723c751e8b465ee728b)
Start importing Assets/MainMixer.mixer using Guid(d9be9a044c06f46b1a17ad2259048530) Importer(815301076,1909f56bfc062723c751e8b465ee728b)  -> (artifact id: 'ca59c55239951c4e5e024c8b9401774a') in 0.094538 seconds 
  Import took 0.095897 seconds .

========================================================================
Received Import Request.
  Time since last request: 0.000367 seconds.
  path: Assets/Puerta 1.png
  artifactKey: Guid(f1cbf87057106455bb8c575c73d139b8) Importer(815301076,1909f56bfc062723c751e8b465ee728b)
Start importing Assets/Puerta 1.png using Guid(f1cbf87057106455bb8c575c73d139b8) Importer(815301076,1909f56bfc062723c751e8b465ee728b)  -> (artifact id: '0f6b786efa37ae95f77df71dd10f55c1') in 0.297909 seconds 
  Import took 0.298949 seconds .

========================================================================
Received Import Request.
  Time since last request: 0.000282 seconds.
  path: Assets/Puerta 2.png
  artifactKey: Guid(d3c72349b4e844fe9876b129494d2a2f) Importer(815301076,1909f56bfc062723c751e8b465ee728b)
Start importing Assets/Puerta 2.png using Guid(d3c72349b4e844fe9876b129494d2a2f) Importer(815301076,1909f56bfc062723c751e8b465ee728b)  -> (artifact id: '9a8d6043c2e02cc2e1b4cfc708cfe3ab') in 0.040292 seconds 
  Import took 0.041505 seconds .

========================================================================
Received Import Request.
  Time since last request: 0.000385 seconds.
  path: Assets/Puerta.png
  artifactKey: Guid(d52a092acc5544822856070a0189b59e) Importer(815301076,1909f56bfc062723c751e8b465ee728b)
Start importing Assets/Puerta.png using Guid(d52a092acc5544822856070a0189b59e) Importer(815301076,1909f56bfc062723c751e8b465ee728b)  -> (artifact id: 'd73ac3679adeb78dc076a4ceaca36bc1') in 0.033697 seconds 
  Import took 0.036798 seconds .

========================================================================
Received Import Request.
  Time since last request: 0.000550 seconds.
  path: Assets/Techo.png
  artifactKey: Guid(a1c1449305cb4422991bf539e90b2081) Importer(815301076,1909f56bfc062723c751e8b465ee728b)
Start importing Assets/Techo.png using Guid(a1c1449305cb4422991bf539e90b2081) Importer(815301076,1909f56bfc062723c751e8b465ee728b)  -> (artifact id: 'bb1ad4cb821ca06b9f317ad470f8c595') in 0.042697 seconds 
  Import took 0.044428 seconds .

